<?xml version="1.0" encoding="UTF-8"?>
<testng-results ignored="0" total="1" passed="1" failed="0" skipped="0">
  <reporter-output>
  </reporter-output>
  <suite started-at="2023-04-04T10:06:59 IST" name="Default suite" finished-at="2023-04-04T10:07:15 IST" duration-ms="16250">
    <groups>
    </groups>
    <test started-at="2023-04-04T10:06:59 IST" name="Default test" finished-at="2023-04-04T10:07:15 IST" duration-ms="16250">
      <class name="TestNG.Facebook_Testscript">
        <test-method signature="Facebook()[pri:0, instance:TestNG.Facebook_Testscript@2892dae4]" started-at="2023-04-04T10:06:59 IST" name="Facebook" finished-at="2023-04-04T10:07:15 IST" duration-ms="16221" status="PASS">
          <reporter-output>
          </reporter-output>
        </test-method> <!-- Facebook -->
      </class> <!-- TestNG.Facebook_Testscript -->
    </test> <!-- Default test -->
  </suite> <!-- Default suite -->
</testng-results>
